# JRE version: Java(TM) SE Runtime Environment (8.0_31-b13) (build 1.8.0_31-b13)
# Java VM: Java HotSpot(TM) 64-Bit Server VM (25.31-b07 mixed mode windows-amd64 compressed oops)
Heap:
 PSYoungGen      total 295936K, used 98489K [0x000000076ab00000, 0x0000000784080000, 0x00000007c0000000)
  eden space 278016K, 35% used [0x000000076ab00000,0x0000000770b2e4c8,0x000000077ba80000)
  from space 17920K, 0% used [0x000000077cc00000,0x000000077cc00000,0x000000077dd80000)
  to   space 17920K, 0% used [0x000000077ba80000,0x000000077ba80000,0x000000077cc00000)
 ParOldGen       total 177152K, used 18818K [0x00000006c0000000, 0x00000006cad00000, 0x000000076ab00000)
  object space 177152K, 10% used [0x00000006c0000000,0x00000006c1260830,0x00000006cad00000)
 Metaspace       used 40370K, capacity 42478K, committed 42672K, reserved 1085440K
  class space    used 5546K, capacity 5964K, committed 6064K, reserved 1048576K
GC Heap History (10 events):
Event: 2.290 GC heap before
{Heap before GC invocations=4 (full 1):
 PSYoungGen      total 141824K, used 9604K [0x000000076ab00000, 0x000000077c000000, 0x00000007c0000000)
  eden space 131072K, 0% used [0x000000076ab00000,0x000000076ab00000,0x0000000772b00000)
  from space 10752K, 89% used [0x0000000772b00000,0x00000007734613f8,0x0000000773580000)
  to   space 10752K, 0% used [0x000000077b580000,0x000000077b580000,0x000000077c000000)
 ParOldGen       total 175104K, used 40K [0x00000006c0000000, 0x00000006cab00000, 0x000000076ab00000)
  object space 175104K, 0% used [0x00000006c0000000,0x00000006c000a000,0x00000006cab00000)
 Metaspace       used 20425K, capacity 21282K, committed 21296K, reserved 1067008K
  class space    used 2650K, capacity 2859K, committed 2864K, reserved 1048576K
Event: 2.324 GC heap after
Heap after GC invocations=4 (full 1):
 PSYoungGen      total 141824K, used 0K [0x000000076ab00000, 0x000000077c000000, 0x00000007c0000000)
  eden space 131072K, 0% used [0x000000076ab00000,0x000000076ab00000,0x0000000772b00000)
  from space 10752K, 0% used [0x0000000772b00000,0x0000000772b00000,0x0000000773580000)
  to   space 10752K, 0% used [0x000000077b580000,0x000000077b580000,0x000000077c000000)
 ParOldGen       total 108544K, used 9284K [0x00000006c0000000, 0x00000006c6a00000, 0x000000076ab00000)
  object space 108544K, 8% used [0x00000006c0000000,0x00000006c0911048,0x00000006c6a00000)
 Metaspace       used 20422K, capacity 21274K, committed 21296K, reserved 1067008K
  class space    used 2649K, capacity 2857K, committed 2864K, reserved 1048576K
}
Event: 2.604 GC heap before
{Heap before GC invocations=5 (full 1):
 PSYoungGen      total 141824K, used 131072K [0x000000076ab00000, 0x000000077c000000, 0x00000007c0000000)
  eden space 131072K, 100% used [0x000000076ab00000,0x0000000772b00000,0x0000000772b00000)
  from space 10752K, 0% used [0x0000000772b00000,0x0000000772b00000,0x0000000773580000)
  to   space 10752K, 0% used [0x000000077b580000,0x000000077b580000,0x000000077c000000)
 ParOldGen       total 108544K, used 9284K [0x00000006c0000000, 0x00000006c6a00000, 0x000000076ab00000)
  object space 108544K, 8% used [0x00000006c0000000,0x00000006c0911048,0x00000006c6a00000)
 Metaspace       used 21387K, capacity 22358K, committed 22576K, reserved 1069056K
  class space    used 2788K, capacity 3013K, committed 3120K, reserved 1048576K
Event: 2.606 GC heap after
Heap after GC invocations=5 (full 1):
 PSYoungGen      total 195072K, used 2441K [0x000000076ab00000, 0x000000077b800000, 0x00000007c0000000)
  eden space 192512K, 0% used [0x000000076ab00000,0x000000076ab00000,0x0000000776700000)
  from space 2560K, 95% used [0x000000077b580000,0x000000077b7e27e0,0x000000077b800000)
  to   space 10752K, 0% used [0x000000077a300000,0x000000077a300000,0x000000077ad80000)
 ParOldGen       total 108544K, used 9292K [0x00000006c0000000, 0x00000006c6a00000, 0x000000076ab00000)
  object space 108544K, 8% used [0x00000006c0000000,0x00000006c0913048,0x00000006c6a00000)
 Metaspace       used 21387K, capacity 22358K, committed 22576K, reserved 1069056K
  class space    used 2788K, capacity 3013K, committed 3120K, reserved 1048576K
}
Event: 4.302 GC heap before
{Heap before GC invocations=6 (full 1):
 PSYoungGen      total 195072K, used 194953K [0x000000076ab00000, 0x000000077b800000, 0x00000007c0000000)
  eden space 192512K, 100% used [0x000000076ab00000,0x0000000776700000,0x0000000776700000)
  from space 2560K, 95% used [0x000000077b580000,0x000000077b7e27e0,0x000000077b800000)
  to   space 10752K, 0% used [0x000000077a300000,0x000000077a300000,0x000000077ad80000)
 ParOldGen       total 108544K, used 9292K [0x00000006c0000000, 0x00000006c6a00000, 0x000000076ab00000)
  object space 108544K, 8% used [0x00000006c0000000,0x00000006c0913048,0x00000006c6a00000)
 Metaspace       used 31119K, capacity 32908K, committed 33200K, reserved 1077248K
  class space    used 4097K, capacity 4440K, committed 4528K, reserved 1048576K
Event: 4.317 GC heap after
Heap after GC invocations=6 (full 1):
 PSYoungGen      total 264704K, used 10748K [0x000000076ab00000, 0x000000077dd80000, 0x00000007c0000000)
  eden space 253952K, 0% used [0x000000076ab00000,0x000000076ab00000,0x000000077a300000)
  from space 10752K, 99% used [0x000000077a300000,0x000000077ad7f1a0,0x000000077ad80000)
  to   space 17920K, 0% used [0x000000077cc00000,0x000000077cc00000,0x000000077dd80000)
 ParOldGen       total 108544K, used 15643K [0x00000006c0000000, 0x00000006c6a00000, 0x000000076ab00000)
  object space 108544K, 14% used [0x00000006c0000000,0x00000006c0f46e00,0x00000006c6a00000)
 Metaspace       used 31119K, capacity 32908K, committed 33200K, reserved 1077248K
  class space    used 4097K, capacity 4440K, committed 4528K, reserved 1048576K
}
Event: 4.671 GC heap before
{Heap before GC invocations=7 (full 1):
 PSYoungGen      total 264704K, used 51536K [0x000000076ab00000, 0x000000077dd80000, 0x00000007c0000000)
  eden space 253952K, 16% used [0x000000076ab00000,0x000000076d2d4f68,0x000000077a300000)
  from space 10752K, 99% used [0x000000077a300000,0x000000077ad7f1a0,0x000000077ad80000)
  to   space 17920K, 0% used [0x000000077cc00000,0x000000077cc00000,0x000000077dd80000)
 ParOldGen       total 108544K, used 15643K [0x00000006c0000000, 0x00000006c6a00000, 0x000000076ab00000)
  object space 108544K, 14% used [0x00000006c0000000,0x00000006c0f46e00,0x00000006c6a00000)
 Metaspace       used 33447K, capacity 35388K, committed 35496K, reserved 1079296K
  class space    used 4453K, capacity 4804K, committed 4912K, reserved 1048576K
Event: 4.680 GC heap after
Heap after GC invocations=7 (full 1):
 PSYoungGen      total 295936K, used 12492K [0x000000076ab00000, 0x0000000784080000, 0x00000007c0000000)
  eden space 278016K, 0% used [0x000000076ab00000,0x000000076ab00000,0x000000077ba80000)
  from space 17920K, 69% used [0x000000077cc00000,0x000000077d8330b8,0x000000077dd80000)
  to   space 17920K, 0% used [0x000000077ba80000,0x000000077ba80000,0x000000077cc00000)
 ParOldGen       total 108544K, used 15651K [0x00000006c0000000, 0x00000006c6a00000, 0x000000076ab00000)
  object space 108544K, 14% used [0x00000006c0000000,0x00000006c0f48e00,0x00000006c6a00000)
 Metaspace       used 33447K, capacity 35388K, committed 35496K, reserved 1079296K
  class space    used 4453K, capacity 4804K, committed 4912K, reserved 1048576K
}
Event: 4.680 GC heap before
{Heap before GC invocations=8 (full 2):
 PSYoungGen      total 295936K, used 12492K [0x000000076ab00000, 0x0000000784080000, 0x00000007c0000000)
  eden space 278016K, 0% used [0x000000076ab00000,0x000000076ab00000,0x000000077ba80000)
  from space 17920K, 69% used [0x000000077cc00000,0x000000077d8330b8,0x000000077dd80000)
  to   space 17920K, 0% used [0x000000077ba80000,0x000000077ba80000,0x000000077cc00000)
 ParOldGen       total 108544K, used 15651K [0x00000006c0000000, 0x00000006c6a00000, 0x000000076ab00000)
  object space 108544K, 14% used [0x00000006c0000000,0x00000006c0f48e00,0x00000006c6a00000)
 Metaspace       used 33447K, capacity 35388K, committed 35496K, reserved 1079296K
  class space    used 4453K, capacity 4804K, committed 4912K, reserved 1048576K
Event: 4.730 GC heap after
Heap after GC invocations=8 (full 2):
 PSYoungGen      total 295936K, used 0K [0x000000076ab00000, 0x0000000784080000, 0x00000007c0000000)
  eden space 278016K, 0% used [0x000000076ab00000,0x000000076ab00000,0x000000077ba80000)
  from space 17920K, 0% used [0x000000077cc00000,0x000000077cc00000,0x000000077dd80000)
  to   space 17920K, 0% used [0x000000077ba80000,0x000000077ba80000,0x000000077cc00000)
 ParOldGen       total 177152K, used 18818K [0x00000006c0000000, 0x00000006cad00000, 0x000000076ab00000)
  object space 177152K, 10% used [0x00000006c0000000,0x00000006c1260830,0x00000006cad00000)
 Metaspace       used 33447K, capacity 35388K, committed 35496K, reserved 1079296K
  class space    used 4453K, capacity 4804K, committed 4912K, reserved 1048576K
}

