# JRE version: Java(TM) SE Runtime Environment (8.0_31-b13) (build 1.8.0_31-b13)
# Java VM: Java HotSpot(TM) 64-Bit Server VM (25.31-b07 mixed mode windows-amd64 compressed oops)
Heap:
 PSYoungGen      total 303104K, used 98701K [0x000000076ab00000, 0x0000000784080000, 0x00000007c0000000)
  eden space 285184K, 34% used [0x000000076ab00000,0x0000000770b63418,0x000000077c180000)
  from space 17920K, 0% used [0x000000077d380000,0x000000077d380000,0x000000077e500000)
  to   space 18432K, 0% used [0x000000077c180000,0x000000077c180000,0x000000077d380000)
 ParOldGen       total 173568K, used 19240K [0x00000006c0000000, 0x00000006ca980000, 0x000000076ab00000)
  object space 173568K, 11% used [0x00000006c0000000,0x00000006c12ca058,0x00000006ca980000)
 Metaspace       used 40385K, capacity 42482K, committed 42672K, reserved 1085440K
  class space    used 5548K, capacity 5964K, committed 6064K, reserved 1048576K
GC Heap History (10 events):
Event: 2.132 GC heap before
{Heap before GC invocations=4 (full 1):
 PSYoungGen      total 141824K, used 9535K [0x000000076ab00000, 0x000000077c000000, 0x00000007c0000000)
  eden space 131072K, 0% used [0x000000076ab00000,0x000000076ab00000,0x0000000772b00000)
  from space 10752K, 88% used [0x0000000772b00000,0x000000077344ff88,0x0000000773580000)
  to   space 10752K, 0% used [0x000000077b580000,0x000000077b580000,0x000000077c000000)
 ParOldGen       total 175104K, used 48K [0x00000006c0000000, 0x00000006cab00000, 0x000000076ab00000)
  object space 175104K, 0% used [0x00000006c0000000,0x00000006c000c000,0x00000006cab00000)
 Metaspace       used 20433K, capacity 21280K, committed 21296K, reserved 1067008K
  class space    used 2648K, capacity 2858K, committed 2864K, reserved 1048576K
Event: 2.165 GC heap after
Heap after GC invocations=4 (full 1):
 PSYoungGen      total 141824K, used 0K [0x000000076ab00000, 0x000000077c000000, 0x00000007c0000000)
  eden space 131072K, 0% used [0x000000076ab00000,0x000000076ab00000,0x0000000772b00000)
  from space 10752K, 0% used [0x0000000772b00000,0x0000000772b00000,0x0000000773580000)
  to   space 10752K, 0% used [0x000000077b580000,0x000000077b580000,0x000000077c000000)
 ParOldGen       total 105984K, used 9169K [0x00000006c0000000, 0x00000006c6780000, 0x000000076ab00000)
  object space 105984K, 8% used [0x00000006c0000000,0x00000006c08f4740,0x00000006c6780000)
 Metaspace       used 20430K, capacity 21272K, committed 21296K, reserved 1067008K
  class space    used 2647K, capacity 2856K, committed 2864K, reserved 1048576K
}
Event: 2.392 GC heap before
{Heap before GC invocations=5 (full 1):
 PSYoungGen      total 141824K, used 131072K [0x000000076ab00000, 0x000000077c000000, 0x00000007c0000000)
  eden space 131072K, 100% used [0x000000076ab00000,0x0000000772b00000,0x0000000772b00000)
  from space 10752K, 0% used [0x0000000772b00000,0x0000000772b00000,0x0000000773580000)
  to   space 10752K, 0% used [0x000000077b580000,0x000000077b580000,0x000000077c000000)
 ParOldGen       total 105984K, used 9169K [0x00000006c0000000, 0x00000006c6780000, 0x000000076ab00000)
  object space 105984K, 8% used [0x00000006c0000000,0x00000006c08f4740,0x00000006c6780000)
 Metaspace       used 20922K, capacity 21838K, committed 21936K, reserved 1069056K
  class space    used 2719K, capacity 2933K, committed 2992K, reserved 1048576K
Event: 2.394 GC heap after
Heap after GC invocations=5 (full 1):
 PSYoungGen      total 197632K, used 1806K [0x000000076ab00000, 0x000000077b780000, 0x00000007c0000000)
  eden space 195584K, 0% used [0x000000076ab00000,0x000000076ab00000,0x0000000776a00000)
  from space 2048K, 88% used [0x000000077b580000,0x000000077b743ad8,0x000000077b780000)
  to   space 10752K, 0% used [0x000000077a280000,0x000000077a280000,0x000000077ad00000)
 ParOldGen       total 105984K, used 9177K [0x00000006c0000000, 0x00000006c6780000, 0x000000076ab00000)
  object space 105984K, 8% used [0x00000006c0000000,0x00000006c08f6740,0x00000006c6780000)
 Metaspace       used 20922K, capacity 21838K, committed 21936K, reserved 1069056K
  class space    used 2719K, capacity 2933K, committed 2992K, reserved 1048576K
}
Event: 4.076 GC heap before
{Heap before GC invocations=6 (full 1):
 PSYoungGen      total 197632K, used 197390K [0x000000076ab00000, 0x000000077b780000, 0x00000007c0000000)
  eden space 195584K, 100% used [0x000000076ab00000,0x0000000776a00000,0x0000000776a00000)
  from space 2048K, 88% used [0x000000077b580000,0x000000077b743ad8,0x000000077b780000)
  to   space 10752K, 0% used [0x000000077a280000,0x000000077a280000,0x000000077ad00000)
 ParOldGen       total 105984K, used 9177K [0x00000006c0000000, 0x00000006c6780000, 0x000000076ab00000)
  object space 105984K, 8% used [0x00000006c0000000,0x00000006c08f6740,0x00000006c6780000)
 Metaspace       used 30472K, capacity 32238K, committed 32560K, reserved 1077248K
  class space    used 4006K, capacity 4333K, committed 4400K, reserved 1048576K
Event: 4.088 GC heap after
Heap after GC invocations=6 (full 1):
 PSYoungGen      total 264192K, used 10730K [0x000000076ab00000, 0x000000077e500000, 0x00000007c0000000)
  eden space 253440K, 0% used [0x000000076ab00000,0x000000076ab00000,0x000000077a280000)
  from space 10752K, 99% used [0x000000077a280000,0x000000077acfa840,0x000000077ad00000)
  to   space 17920K, 0% used [0x000000077d380000,0x000000077d380000,0x000000077e500000)
 ParOldGen       total 105984K, used 15475K [0x00000006c0000000, 0x00000006c6780000, 0x000000076ab00000)
  object space 105984K, 14% used [0x00000006c0000000,0x00000006c0f1cfe0,0x00000006c6780000)
 Metaspace       used 30472K, capacity 32238K, committed 32560K, reserved 1077248K
  class space    used 4006K, capacity 4333K, committed 4400K, reserved 1048576K
}
Event: 4.481 GC heap before
{Heap before GC invocations=7 (full 1):
 PSYoungGen      total 264192K, used 58632K [0x000000076ab00000, 0x000000077e500000, 0x00000007c0000000)
  eden space 253440K, 18% used [0x000000076ab00000,0x000000076d9c7940,0x000000077a280000)
  from space 10752K, 99% used [0x000000077a280000,0x000000077acfa840,0x000000077ad00000)
  to   space 17920K, 0% used [0x000000077d380000,0x000000077d380000,0x000000077e500000)
 ParOldGen       total 105984K, used 15475K [0x00000006c0000000, 0x00000006c6780000, 0x000000076ab00000)
  object space 105984K, 14% used [0x00000006c0000000,0x00000006c0f1cfe0,0x00000006c6780000)
 Metaspace       used 33339K, capacity 35328K, committed 35496K, reserved 1079296K
  class space    used 4440K, capacity 4804K, committed 4912K, reserved 1048576K
Event: 4.489 GC heap after
Heap after GC invocations=7 (full 1):
 PSYoungGen      total 303104K, used 12975K [0x000000076ab00000, 0x0000000784080000, 0x00000007c0000000)
  eden space 285184K, 0% used [0x000000076ab00000,0x000000076ab00000,0x000000077c180000)
  from space 17920K, 72% used [0x000000077d380000,0x000000077e02bc38,0x000000077e500000)
  to   space 18432K, 0% used [0x000000077c180000,0x000000077c180000,0x000000077d380000)
 ParOldGen       total 105984K, used 15483K [0x00000006c0000000, 0x00000006c6780000, 0x000000076ab00000)
  object space 105984K, 14% used [0x00000006c0000000,0x00000006c0f1efe0,0x00000006c6780000)
 Metaspace       used 33339K, capacity 35328K, committed 35496K, reserved 1079296K
  class space    used 4440K, capacity 4804K, committed 4912K, reserved 1048576K
}
Event: 4.489 GC heap before
{Heap before GC invocations=8 (full 2):
 PSYoungGen      total 303104K, used 12975K [0x000000076ab00000, 0x0000000784080000, 0x00000007c0000000)
  eden space 285184K, 0% used [0x000000076ab00000,0x000000076ab00000,0x000000077c180000)
  from space 17920K, 72% used [0x000000077d380000,0x000000077e02bc38,0x000000077e500000)
  to   space 18432K, 0% used [0x000000077c180000,0x000000077c180000,0x000000077d380000)
 ParOldGen       total 105984K, used 15483K [0x00000006c0000000, 0x00000006c6780000, 0x000000076ab00000)
  object space 105984K, 14% used [0x00000006c0000000,0x00000006c0f1efe0,0x00000006c6780000)
 Metaspace       used 33339K, capacity 35328K, committed 35496K, reserved 1079296K
  class space    used 4440K, capacity 4804K, committed 4912K, reserved 1048576K
Event: 4.538 GC heap after
Heap after GC invocations=8 (full 2):
 PSYoungGen      total 303104K, used 0K [0x000000076ab00000, 0x0000000784080000, 0x00000007c0000000)
  eden space 285184K, 0% used [0x000000076ab00000,0x000000076ab00000,0x000000077c180000)
  from space 17920K, 0% used [0x000000077d380000,0x000000077d380000,0x000000077e500000)
  to   space 18432K, 0% used [0x000000077c180000,0x000000077c180000,0x000000077d380000)
 ParOldGen       total 173568K, used 19240K [0x00000006c0000000, 0x00000006ca980000, 0x000000076ab00000)
  object space 173568K, 11% used [0x00000006c0000000,0x00000006c12ca058,0x00000006ca980000)
 Metaspace       used 33339K, capacity 35328K, committed 35496K, reserved 1079296K
  class space    used 4440K, capacity 4804K, committed 4912K, reserved 1048576K
}

